2026-06-22 10:10:22 [background-preinit] INFO  org.hibernate.validator.internal.util.Version - HV000001: Hibernate Validator 8.0.1.Final
2026-06-22 10:10:22 [main] INFO  com.artprintpoint.app.Application - Starting Application using Java 21.0.5 with PID 29464 (C:\pankaj\MyWork\artprintpoint\target\classes started by 614793701 in C:\pankaj\MyWork\artprintpoint)
2026-06-22 10:10:22 [main] INFO  com.artprintpoint.app.Application - No active profile set, falling back to 1 default profile: "default"
2026-06-22 10:10:24 [main] INFO  org.springframework.data.repository.config.RepositoryConfigurationDelegate - Bootstrapping Spring Data JPA repositories in DEFAULT mode.
2026-06-22 10:10:24 [main] INFO  org.springframework.data.repository.config.RepositoryConfigurationDelegate - Finished Spring Data repository scanning in 78 ms. Found 12 JPA repository interfaces.
2026-06-22 10:10:25 [main] INFO  org.springframework.boot.web.embedded.tomcat.TomcatWebServer - Tomcat initialized with port 8080 (http)
2026-06-22 10:10:25 [main] INFO  org.apache.coyote.http11.Http11NioProtocol - Initializing ProtocolHandler ["http-nio-8080"]
2026-06-22 10:10:25 [main] INFO  org.apache.catalina.core.StandardService - Starting service [Tomcat]
2026-06-22 10:10:25 [main] INFO  org.apache.catalina.core.StandardEngine - Starting Servlet engine: [Apache Tomcat/10.1.20]
2026-06-22 10:10:25 [main] INFO  org.apache.catalina.core.ContainerBase.[Tomcat].[localhost].[/] - Initializing Spring embedded WebApplicationContext
2026-06-22 10:10:25 [main] INFO  org.springframework.boot.web.servlet.context.ServletWebServerApplicationContext - Root WebApplicationContext: initialization completed in 3138 ms
2026-06-22 10:10:26 [main] INFO  com.zaxxer.hikari.HikariDataSource - HikariPool-1 - Starting...
2026-06-22 10:10:27 [main] INFO  com.zaxxer.hikari.pool.HikariPool - HikariPool-1 - Added connection org.postgresql.jdbc.PgConnection@7b297740
2026-06-22 10:10:27 [main] INFO  com.zaxxer.hikari.HikariDataSource - HikariPool-1 - Start completed.
2026-06-22 10:10:27 [main] INFO  org.flywaydb.core.internal.license.VersionPrinter - Flyway Community Edition 9.22.3 by Redgate
2026-06-22 10:10:27 [main] INFO  org.flywaydb.core.internal.license.VersionPrinter - See release notes here: https://rd.gt/416ObMi
2026-06-22 10:10:27 [main] INFO  org.flywaydb.core.internal.license.VersionPrinter - 
2026-06-22 10:10:27 [main] INFO  org.flywaydb.core.FlywayExecutor - Database: jdbc:postgresql://localhost:5432/art_print_point (PostgreSQL 17.4)
2026-06-22 10:10:27 [main] WARN  org.flywaydb.core.internal.database.base.Database - Flyway upgrade recommended: PostgreSQL 17.4 is newer than this version of Flyway and support has not been tested. The latest supported version of PostgreSQL is 15.
2026-06-22 10:10:27 [main] INFO  org.flywaydb.core.internal.command.DbValidate - Successfully validated 11 migrations (execution time 00:00.181s)
2026-06-22 10:10:27 [main] INFO  org.flywaydb.core.internal.command.DbMigrate - Current version of schema "public": 1
2026-06-22 10:10:27 [main] INFO  org.flywaydb.core.internal.command.DbMigrate - Migrating schema "public" to version "2 - create branches table"
2026-06-22 10:10:27 [main] INFO  org.flywaydb.core.internal.command.DbMigrate - Migrating schema "public" to version "3 - create categories table"
2026-06-22 10:10:27 [main] INFO  org.flywaydb.core.internal.command.DbMigrate - Migrating schema "public" to version "4 - create vendors table"
2026-06-22 10:10:27 [main] INFO  org.flywaydb.core.internal.command.DbMigrate - Migrating schema "public" to version "5 - create products table"
2026-06-22 10:10:27 [main] INFO  org.flywaydb.core.internal.command.DbMigrate - Migrating schema "public" to version "6 - create customers table"
2026-06-22 10:10:27 [main] INFO  org.flywaydb.core.internal.command.DbMigrate - Migrating schema "public" to version "7 - create purchases table"
2026-06-22 10:10:27 [main] INFO  org.flywaydb.core.internal.command.DbMigrate - Migrating schema "public" to version "8 - create sales table"
2026-06-22 10:10:27 [main] INFO  org.flywaydb.core.internal.command.DbMigrate - Migrating schema "public" to version "9 - create inventory log table"
2026-06-22 10:10:27 [main] INFO  org.flywaydb.core.internal.command.DbMigrate - Migrating schema "public" to version "10 - create payments table"
2026-06-22 10:10:27 [main] INFO  org.flywaydb.core.internal.command.DbMigrate - Migrating schema "public" to version "11 - create stock transfers table"
2026-06-22 10:10:28 [main] INFO  org.flywaydb.core.internal.command.DbMigrate - Successfully applied 10 migrations to schema "public", now at version v11 (execution time 00:00.261s)
2026-06-22 10:10:28 [main] INFO  org.hibernate.jpa.internal.util.LogHelper - HHH000204: Processing PersistenceUnitInfo [name: default]
2026-06-22 10:10:28 [main] INFO  org.hibernate.Version - HHH000412: Hibernate ORM core version 6.4.4.Final
2026-06-22 10:10:28 [main] INFO  org.hibernate.cache.internal.RegionFactoryInitiator - HHH000026: Second-level cache disabled
2026-06-22 10:10:28 [main] INFO  org.springframework.orm.jpa.persistenceunit.SpringPersistenceUnitInfo - No LoadTimeWeaver setup: ignoring JPA class transformer
2026-06-22 10:10:29 [main] INFO  org.hibernate.engine.transaction.jta.platform.internal.JtaPlatformInitiator - HHH000489: No JTA platform available (set 'hibernate.transaction.jta.platform' to enable JTA platform integration)
2026-06-22 10:10:29 [main] INFO  org.springframework.orm.jpa.LocalContainerEntityManagerFactoryBean - Initialized JPA EntityManagerFactory for persistence unit 'default'
2026-06-22 10:10:30 [main] INFO  org.springframework.data.jpa.repository.query.QueryEnhancerFactory - Hibernate is in classpath; If applicable, HQL parser will be used.
2026-06-22 10:10:30 [main] WARN  org.springframework.boot.autoconfigure.orm.jpa.JpaBaseConfiguration$JpaWebConfiguration - spring.jpa.open-in-view is enabled by default. Therefore, database queries may be performed during view rendering. Explicitly configure spring.jpa.open-in-view to disable this warning
2026-06-22 10:10:30 [main] WARN  org.springframework.boot.autoconfigure.security.servlet.UserDetailsServiceAutoConfiguration - 

Using generated security password: 3b850ca7-4538-46fa-8e7c-8f71aac224e3

This generated password is for development use only. Your security configuration must be updated before running your application in production.

2026-06-22 10:10:31 [main] INFO  org.springframework.security.web.DefaultSecurityFilterChain - Will secure any request with [org.springframework.security.web.session.DisableEncodeUrlFilter@59d99269, org.springframework.security.web.context.request.async.WebAsyncManagerIntegrationFilter@48332a63, org.springframework.security.web.context.SecurityContextHolderFilter@2c5dfc9b, org.springframework.security.web.header.HeaderWriterFilter@5c0bacaa, org.springframework.web.filter.CorsFilter@6195e7d5, org.springframework.security.web.authentication.logout.LogoutFilter@6e832c9, com.artprintpoint.app.security.JwtFilter@1f536481, org.springframework.security.web.savedrequest.RequestCacheAwareFilter@5bee07c3, org.springframework.security.web.servletapi.SecurityContextHolderAwareRequestFilter@1e7b277a, org.springframework.security.web.authentication.AnonymousAuthenticationFilter@f2120d5, org.springframework.security.web.access.ExceptionTranslationFilter@3c79be0f, org.springframework.security.web.access.intercept.AuthorizationFilter@717c00f9]
2026-06-22 10:10:31 [main] INFO  org.apache.coyote.http11.Http11NioProtocol - Starting ProtocolHandler ["http-nio-8080"]
2026-06-22 10:10:31 [main] INFO  org.springframework.boot.web.embedded.tomcat.TomcatWebServer - Tomcat started on port 8080 (http) with context path ''
2026-06-22 10:10:31 [main] INFO  com.artprintpoint.app.Application - Started Application in 9.767 seconds (process running for 10.321)
2026-06-22 10:10:39 [http-nio-8080-exec-1] INFO  org.apache.catalina.core.ContainerBase.[Tomcat].[localhost].[/] - Initializing Spring DispatcherServlet 'dispatcherServlet'
2026-06-22 10:10:39 [http-nio-8080-exec-1] INFO  org.springframework.web.servlet.DispatcherServlet - Initializing Servlet 'dispatcherServlet'
2026-06-22 10:10:39 [http-nio-8080-exec-1] INFO  org.springframework.web.servlet.DispatcherServlet - Completed initialization in 2 ms
2026-06-22 10:10:39 [http-nio-8080-exec-1] DEBUG org.springframework.security.web.FilterChainProxy - Securing GET /swagger-ui/index.html
2026-06-22 10:10:39 [http-nio-8080-exec-1] DEBUG org.springframework.security.web.FilterChainProxy - Secured GET /swagger-ui/index.html
2026-06-22 10:10:39 [http-nio-8080-exec-1] DEBUG org.springframework.security.web.authentication.AnonymousAuthenticationFilter - Set SecurityContextHolder to anonymous SecurityContext
2026-06-22 10:10:39 [http-nio-8080-exec-2] DEBUG org.springframework.security.web.FilterChainProxy - Securing GET /swagger-ui/swagger-ui.css
2026-06-22 10:10:39 [http-nio-8080-exec-2] DEBUG org.springframework.security.web.FilterChainProxy - Secured GET /swagger-ui/swagger-ui.css
2026-06-22 10:10:39 [http-nio-8080-exec-3] DEBUG org.springframework.security.web.FilterChainProxy - Securing GET /swagger-ui/index.css
2026-06-22 10:10:39 [http-nio-8080-exec-3] DEBUG org.springframework.security.web.FilterChainProxy - Secured GET /swagger-ui/index.css
2026-06-22 10:10:39 [http-nio-8080-exec-4] DEBUG org.springframework.security.web.FilterChainProxy - Securing GET /swagger-ui/swagger-ui-standalone-preset.js
2026-06-22 10:10:39 [http-nio-8080-exec-5] DEBUG org.springframework.security.web.FilterChainProxy - Securing GET /swagger-ui/swagger-ui-bundle.js
2026-06-22 10:10:39 [http-nio-8080-exec-4] DEBUG org.springframework.security.web.FilterChainProxy - Secured GET /swagger-ui/swagger-ui-standalone-preset.js
2026-06-22 10:10:39 [http-nio-8080-exec-5] DEBUG org.springframework.security.web.FilterChainProxy - Secured GET /swagger-ui/swagger-ui-bundle.js
2026-06-22 10:10:39 [http-nio-8080-exec-6] DEBUG org.springframework.security.web.FilterChainProxy - Securing GET /swagger-ui/swagger-initializer.js
2026-06-22 10:10:39 [http-nio-8080-exec-3] DEBUG org.springframework.security.web.authentication.AnonymousAuthenticationFilter - Set SecurityContextHolder to anonymous SecurityContext
2026-06-22 10:10:39 [http-nio-8080-exec-2] DEBUG org.springframework.security.web.authentication.AnonymousAuthenticationFilter - Set SecurityContextHolder to anonymous SecurityContext
2026-06-22 10:10:39 [http-nio-8080-exec-6] DEBUG org.springframework.security.web.FilterChainProxy - Secured GET /swagger-ui/swagger-initializer.js
2026-06-22 10:10:39 [http-nio-8080-exec-4] DEBUG org.springframework.security.web.authentication.AnonymousAuthenticationFilter - Set SecurityContextHolder to anonymous SecurityContext
2026-06-22 10:10:39 [http-nio-8080-exec-5] DEBUG org.springframework.security.web.authentication.AnonymousAuthenticationFilter - Set SecurityContextHolder to anonymous SecurityContext
2026-06-22 10:10:39 [http-nio-8080-exec-6] DEBUG org.springframework.security.web.authentication.AnonymousAuthenticationFilter - Set SecurityContextHolder to anonymous SecurityContext
2026-06-22 10:10:39 [http-nio-8080-exec-9] DEBUG org.springframework.security.web.FilterChainProxy - Securing GET /swagger-ui/favicon-32x32.png
2026-06-22 10:10:39 [http-nio-8080-exec-9] DEBUG org.springframework.security.web.FilterChainProxy - Secured GET /swagger-ui/favicon-32x32.png
2026-06-22 10:10:39 [http-nio-8080-exec-9] DEBUG org.springframework.security.web.authentication.AnonymousAuthenticationFilter - Set SecurityContextHolder to anonymous SecurityContext
2026-06-22 10:10:39 [http-nio-8080-exec-7] DEBUG org.springframework.security.web.FilterChainProxy - Securing GET /v3/api-docs/swagger-config
2026-06-22 10:10:39 [http-nio-8080-exec-7] DEBUG org.springframework.security.web.FilterChainProxy - Secured GET /v3/api-docs/swagger-config
2026-06-22 10:10:39 [http-nio-8080-exec-7] DEBUG org.springframework.security.web.authentication.AnonymousAuthenticationFilter - Set SecurityContextHolder to anonymous SecurityContext
2026-06-22 10:10:39 [http-nio-8080-exec-8] DEBUG org.springframework.security.web.FilterChainProxy - Securing GET /v3/api-docs
2026-06-22 10:10:39 [http-nio-8080-exec-8] DEBUG org.springframework.security.web.FilterChainProxy - Secured GET /v3/api-docs
2026-06-22 10:10:41 [http-nio-8080-exec-8] INFO  org.springdoc.api.AbstractOpenApiResource - Init duration for springdoc-openapi is: 2019 ms
2026-06-22 10:10:41 [http-nio-8080-exec-8] DEBUG org.springframework.security.web.authentication.AnonymousAuthenticationFilter - Set SecurityContextHolder to anonymous SecurityContext
